{"level":"info","message":"MongoDB Connected: ac-kukqvv7-shard-00-02.hdf31xy.mongodb.net","timestamp":"2025-07-14T18:42:55.994Z"}
{"level":"info","message":"MongoDB Connected: ac-kukqvv7-shard-00-00.hdf31xy.mongodb.net","timestamp":"2025-07-14T18:47:08.272Z"}
{"level":"info","message":"MongoDB Connected: ac-kukqvv7-shard-00-01.hdf31xy.mongodb.net","timestamp":"2025-07-14T18:47:50.684Z"}
{"level":"info","message":"MongoDB Connected: ac-kukqvv7-shard-00-00.hdf31xy.mongodb.net","timestamp":"2025-07-14T18:48:32.083Z"}
{"level":"info","message":"MongoDB Connected: ac-kukqvv7-shard-00-00.hdf31xy.mongodb.net","timestamp":"2025-07-14T18:49:00.743Z"}
{"level":"info","message":"MongoDB disconnected","timestamp":"2025-07-15T03:47:15.795Z"}
{"level":"info","message":"MongoDB disconnected","timestamp":"2025-07-15T03:48:28.929Z"}
{"level":"info","message":"MongoDB Connected: ac-kukqvv7-shard-00-00.hdf31xy.mongodb.net","timestamp":"2025-07-15T04:02:30.462Z"}
{"level":"info","message":"MongoDB Connected: ac-kukqvv7-shard-00-00.hdf31xy.mongodb.net","timestamp":"2025-07-15T04:17:56.608Z"}
{"level":"info","message":"MongoDB Connected: ac-kukqvv7-shard-00-00.hdf31xy.mongodb.net","timestamp":"2025-07-15T04:26:18.429Z"}
{"level":"info","message":"MongoDB Connected: ac-kukqvv7-shard-00-02.hdf31xy.mongodb.net","timestamp":"2025-07-15T04:26:36.125Z"}
{"level":"info","message":"MongoDB Connected: ac-kukqvv7-shard-00-00.hdf31xy.mongodb.net","timestamp":"2025-07-15T04:32:15.690Z"}
{"level":"info","message":"MongoDB Connected: ac-kukqvv7-shard-00-01.hdf31xy.mongodb.net","timestamp":"2025-07-15T04:33:02.922Z"}
{"level":"info","message":"MongoDB Connected: ac-kukqvv7-shard-00-02.hdf31xy.mongodb.net","timestamp":"2025-07-15T04:51:38.645Z"}
{"level":"info","message":"MongoDB Connected: ac-kukqvv7-shard-00-00.hdf31xy.mongodb.net","timestamp":"2025-07-15T05:06:46.775Z"}
{"level":"info","message":"MongoDB Connected: ac-kukqvv7-shard-00-01.hdf31xy.mongodb.net","timestamp":"2025-07-15T05:09:45.678Z"}
{"level":"info","message":"MongoDB Connected: ac-kukqvv7-shard-00-01.hdf31xy.mongodb.net","timestamp":"2025-07-15T05:14:43.794Z"}
{"level":"info","message":"MongoDB Connected: ac-kukqvv7-shard-00-00.hdf31xy.mongodb.net","timestamp":"2025-07-15T05:17:44.835Z"}
{"level":"info","message":"MongoDB disconnected","timestamp":"2025-07-15T05:36:30.792Z"}
{"level":"info","message":"MongoDB Connected: ac-kukqvv7-shard-00-02.hdf31xy.mongodb.net","timestamp":"2025-07-15T05:36:49.304Z"}
{"level":"info","message":"MongoDB disconnected","timestamp":"2025-07-15T06:44:32.783Z"}
{"level":"info","message":"MongoDB Connected: ac-kukqvv7-shard-00-00.hdf31xy.mongodb.net","timestamp":"2025-07-15T06:56:04.332Z"}
{"level":"info","message":"MongoDB Connected: ac-kukqvv7-shard-00-01.hdf31xy.mongodb.net","timestamp":"2025-07-15T06:56:19.932Z"}
{"level":"info","message":"MongoDB Connected: ac-kukqvv7-shard-00-02.hdf31xy.mongodb.net","timestamp":"2025-07-15T06:56:32.761Z"}
{"level":"info","message":"MongoDB disconnected","timestamp":"2025-07-15T07:00:18.394Z"}
{"level":"info","message":"MongoDB Connected: ac-kukqvv7-shard-00-02.hdf31xy.mongodb.net","timestamp":"2025-07-15T07:00:25.057Z"}
{"level":"info","message":"MongoDB disconnected","timestamp":"2025-07-15T07:04:19.986Z"}
{"level":"info","message":"MongoDB Connected: ac-kukqvv7-shard-00-02.hdf31xy.mongodb.net","timestamp":"2025-07-15T07:04:25.482Z"}
{"level":"info","message":"MongoDB disconnected","timestamp":"2025-07-15T07:24:29.620Z"}
{"level":"info","message":"MongoDB Connected: ac-kukqvv7-shard-00-00.hdf31xy.mongodb.net","timestamp":"2025-07-15T07:32:12.564Z"}
{"level":"info","message":"MongoDB Connected: ac-kukqvv7-shard-00-01.hdf31xy.mongodb.net","timestamp":"2025-07-15T07:54:23.927Z"}
{"level":"info","message":"MongoDB disconnected","timestamp":"2025-07-15T08:17:04.786Z"}
{"level":"info","message":"MongoDB Connected: ac-kukqvv7-shard-00-02.hdf31xy.mongodb.net","timestamp":"2025-07-15T08:17:10.912Z"}
{"level":"info","message":"MongoDB disconnected","timestamp":"2025-07-15T09:00:48.422Z"}
{"level":"info","message":"MongoDB Connected: ac-kukqvv7-shard-00-00.hdf31xy.mongodb.net","timestamp":"2025-07-15T10:42:25.704Z"}
{"level":"info","message":"MongoDB disconnected","timestamp":"2025-07-15T10:43:54.664Z"}
{"level":"info","message":"MongoDB Connected: ac-kukqvv7-shard-00-02.hdf31xy.mongodb.net","timestamp":"2025-07-15T10:52:07.272Z"}
{"level":"info","message":"MongoDB disconnected","timestamp":"2025-07-15T11:15:45.805Z"}
{"level":"info","message":"MongoDB Connected: ac-kukqvv7-shard-00-02.hdf31xy.mongodb.net","timestamp":"2025-07-16T10:07:40.478Z"}
{"level":"info","message":"MongoDB Connected: ac-kukqvv7-shard-00-01.hdf31xy.mongodb.net","timestamp":"2025-07-16T10:14:41.342Z"}
{"level":"info","message":"MongoDB disconnected","timestamp":"2025-07-16T10:17:52.127Z"}
{"level":"info","message":"MongoDB Connected: ac-kukqvv7-shard-00-01.hdf31xy.mongodb.net","timestamp":"2025-07-16T10:18:16.947Z"}
{"level":"info","message":"MongoDB Connected: ac-kukqvv7-shard-00-02.hdf31xy.mongodb.net","timestamp":"2025-07-16T10:28:04.755Z"}
{"level":"info","message":"MongoDB Connected: ac-kukqvv7-shard-00-01.hdf31xy.mongodb.net","timestamp":"2025-07-16T10:33:25.973Z"}
{"level":"info","message":"MongoDB Connected: ac-kukqvv7-shard-00-00.hdf31xy.mongodb.net","timestamp":"2025-07-16T10:33:40.458Z"}
{"level":"info","message":"MongoDB Connected: ac-kukqvv7-shard-00-01.hdf31xy.mongodb.net","timestamp":"2025-07-16T11:20:13.994Z"}
{"level":"info","message":"MongoDB Connected: ac-kukqvv7-shard-00-02.hdf31xy.mongodb.net","timestamp":"2025-07-16T11:20:36.358Z"}
{"level":"info","message":"MongoDB Connected: ac-kukqvv7-shard-00-01.hdf31xy.mongodb.net","timestamp":"2025-07-16T11:40:12.821Z"}
{"level":"info","message":"MongoDB Connected: ac-kukqvv7-shard-00-02.hdf31xy.mongodb.net","timestamp":"2025-07-16T11:48:14.754Z"}
{"level":"info","message":"MongoDB Connected: ac-kukqvv7-shard-00-01.hdf31xy.mongodb.net","timestamp":"2025-07-16T11:49:29.705Z"}
{"level":"info","message":"MongoDB disconnected","timestamp":"2025-07-16T13:36:17.847Z"}
{"level":"info","message":"MongoDB disconnected","timestamp":"2025-07-16T15:19:25.534Z"}
{"level":"info","message":"MongoDB disconnected","timestamp":"2025-07-16T15:29:47.074Z"}
{"level":"info","message":"MongoDB disconnected","timestamp":"2025-07-16T16:41:48.181Z"}
{"level":"info","message":"MongoDB disconnected","timestamp":"2025-07-16T18:16:18.367Z"}
{"level":"info","message":"MongoDB disconnected","timestamp":"2025-07-17T01:05:43.554Z"}
{"level":"info","message":"MongoDB Connected: ac-kukqvv7-shard-00-01.hdf31xy.mongodb.net","timestamp":"2025-07-17T01:38:41.910Z"}
{"level":"info","message":"MongoDB disconnected","timestamp":"2025-07-17T04:03:10.781Z"}
{"level":"info","message":"MongoDB Connected: ac-kukqvv7-shard-00-01.hdf31xy.mongodb.net","timestamp":"2025-07-17T04:16:03.867Z"}
{"level":"info","message":"MongoDB disconnected","timestamp":"2025-07-17T04:17:33.696Z"}
{"level":"info","message":"MongoDB disconnected","timestamp":"2025-07-17T07:51:00.657Z"}
{"level":"info","message":"MongoDB disconnected","timestamp":"2025-07-17T08:17:44.866Z"}
{"level":"info","message":"MongoDB disconnected","timestamp":"2025-07-17T08:18:30.563Z"}
{"level":"info","message":"MongoDB Connected: ac-kukqvv7-shard-00-00.hdf31xy.mongodb.net","timestamp":"2025-07-17T08:18:35.414Z"}
{"level":"info","message":"MongoDB disconnected","timestamp":"2025-07-17T14:55:05.559Z"}
{"level":"info","message":"MongoDB disconnected","timestamp":"2025-07-17T15:48:23.526Z"}
{"level":"info","message":"MongoDB disconnected","timestamp":"2025-07-17T17:56:26.162Z"}
{"level":"info","message":"MongoDB disconnected","timestamp":"2025-07-17T17:57:15.112Z"}
{"level":"info","message":"MongoDB Connected: ac-kukqvv7-shard-00-01.hdf31xy.mongodb.net","timestamp":"2025-07-17T17:57:20.923Z"}
{"level":"info","message":"MongoDB disconnected","timestamp":"2025-07-17T18:33:42.852Z"}
{"level":"info","message":"MongoDB disconnected","timestamp":"2025-07-17T18:35:21.015Z"}
{"level":"info","message":"MongoDB Connected: ac-kukqvv7-shard-00-00.hdf31xy.mongodb.net","timestamp":"2025-07-17T18:35:27.397Z"}
{"level":"info","message":"MongoDB disconnected","timestamp":"2025-07-18T03:33:09.274Z"}
{"level":"info","message":"MongoDB disconnected","timestamp":"2025-07-18T03:39:04.611Z"}
{"level":"info","message":"MongoDB Connected: ac-kukqvv7-shard-00-02.hdf31xy.mongodb.net","timestamp":"2025-07-18T03:41:05.636Z"}
{"level":"info","message":"MongoDB disconnected","timestamp":"2025-07-18T04:16:37.979Z"}
{"level":"info","message":"MongoDB disconnected","timestamp":"2025-07-18T06:12:29.501Z"}
{"level":"info","message":"MongoDB Connected: ac-kukqvv7-shard-00-00.hdf31xy.mongodb.net","timestamp":"2025-07-18T06:12:34.401Z"}
{"level":"info","message":"MongoDB disconnected","timestamp":"2025-07-18T06:16:18.641Z"}
{"level":"info","message":"MongoDB Connected: ac-kukqvv7-shard-00-01.hdf31xy.mongodb.net","timestamp":"2025-07-18T06:16:26.242Z"}
{"level":"info","message":"MongoDB disconnected","timestamp":"2025-07-18T06:20:22.430Z"}
{"level":"info","message":"MongoDB Connected: ac-kukqvv7-shard-00-00.hdf31xy.mongodb.net","timestamp":"2025-07-18T06:20:30.542Z"}
{"level":"info","message":"MongoDB disconnected","timestamp":"2025-07-18T08:28:56.352Z"}
{"level":"info","message":"MongoDB disconnected","timestamp":"2025-07-18T08:32:11.024Z"}
{"level":"info","message":"MongoDB disconnected","timestamp":"2025-07-18T10:06:34.160Z"}
{"level":"info","message":"MongoDB disconnected","timestamp":"2025-07-18T10:40:46.936Z"}
{"level":"info","message":"MongoDB disconnected","timestamp":"2025-07-18T13:13:31.584Z"}
{"level":"info","message":"MongoDB Connected: ac-kukqvv7-shard-00-01.hdf31xy.mongodb.net","timestamp":"2025-07-18T13:19:48.193Z"}
{"level":"info","message":"MongoDB Connected: ac-kukqvv7-shard-00-00.hdf31xy.mongodb.net","timestamp":"2025-07-18T14:23:31.645Z"}
{"level":"info","message":"MongoDB Connected: ac-kukqvv7-shard-00-00.hdf31xy.mongodb.net","timestamp":"2025-07-18T14:38:56.266Z"}
{"level":"info","message":"MongoDB Connected: ac-kukqvv7-shard-00-00.hdf31xy.mongodb.net","timestamp":"2025-07-18T14:41:10.847Z"}
{"level":"info","message":"MongoDB Connected: ac-kukqvv7-shard-00-02.hdf31xy.mongodb.net","timestamp":"2025-07-18T14:42:47.564Z"}
{"level":"info","message":"MongoDB Connected: ac-kukqvv7-shard-00-01.hdf31xy.mongodb.net","timestamp":"2025-07-18T15:15:07.221Z"}
{"level":"info","message":"MongoDB Connected: ac-kukqvv7-shard-00-01.hdf31xy.mongodb.net","timestamp":"2025-07-18T15:24:09.047Z"}
{"level":"info","message":"MongoDB Connected: ac-kukqvv7-shard-00-00.hdf31xy.mongodb.net","timestamp":"2025-07-18T15:25:38.714Z"}
{"level":"info","message":"MongoDB Connected: ac-kukqvv7-shard-00-01.hdf31xy.mongodb.net","timestamp":"2025-07-18T15:26:11.876Z"}
{"level":"info","message":"MongoDB Connected: ac-kukqvv7-shard-00-01.hdf31xy.mongodb.net","timestamp":"2025-07-18T15:26:53.785Z"}
{"level":"info","message":"MongoDB Connected: ac-kukqvv7-shard-00-00.hdf31xy.mongodb.net","timestamp":"2025-07-18T15:29:09.464Z"}
{"level":"info","message":"MongoDB Connected: ac-kukqvv7-shard-00-01.hdf31xy.mongodb.net","timestamp":"2025-07-18T15:38:37.681Z"}
{"level":"info","message":"MongoDB Connected: ac-kukqvv7-shard-00-00.hdf31xy.mongodb.net","timestamp":"2025-07-18T15:45:05.929Z"}
{"level":"info","message":"MongoDB Connected: ac-kukqvv7-shard-00-02.hdf31xy.mongodb.net","timestamp":"2025-07-18T16:10:55.319Z"}
{"level":"info","message":"MongoDB Connected: ac-kukqvv7-shard-00-00.hdf31xy.mongodb.net","timestamp":"2025-07-18T16:19:57.245Z"}
{"level":"info","message":"MongoDB Connected: ac-kukqvv7-shard-00-01.hdf31xy.mongodb.net","timestamp":"2025-07-18T16:22:30.752Z"}
{"level":"info","message":"MongoDB Connected: ac-kukqvv7-shard-00-01.hdf31xy.mongodb.net","timestamp":"2025-07-18T16:23:15.291Z"}
{"level":"info","message":"MongoDB Connected: ac-kukqvv7-shard-00-01.hdf31xy.mongodb.net","timestamp":"2025-07-18T16:25:18.809Z"}
{"level":"info","message":"MongoDB Connected: ac-kukqvv7-shard-00-02.hdf31xy.mongodb.net","timestamp":"2025-07-18T16:42:20.943Z"}
{"level":"info","message":"MongoDB Connected: ac-kukqvv7-shard-00-00.hdf31xy.mongodb.net","timestamp":"2025-07-18T16:46:20.204Z"}
{"level":"info","message":"MongoDB Connected: ac-kukqvv7-shard-00-00.hdf31xy.mongodb.net","timestamp":"2025-07-18T16:50:57.200Z"}
{"level":"info","message":"MongoDB Connected: ac-kukqvv7-shard-00-01.hdf31xy.mongodb.net","timestamp":"2025-07-18T16:58:47.746Z"}
{"level":"info","message":"MongoDB Connected: ac-kukqvv7-shard-00-01.hdf31xy.mongodb.net","timestamp":"2025-07-18T17:18:21.967Z"}
{"level":"info","message":"MongoDB disconnected","timestamp":"2025-07-18T17:22:48.617Z"}
{"level":"info","message":"MongoDB Connected: ac-kukqvv7-shard-00-01.hdf31xy.mongodb.net","timestamp":"2025-07-18T17:22:53.851Z"}
{"level":"info","message":"MongoDB disconnected","timestamp":"2025-07-18T17:25:21.282Z"}
{"level":"info","message":"MongoDB Connected: ac-kukqvv7-shard-00-00.hdf31xy.mongodb.net","timestamp":"2025-07-18T17:37:44.643Z"}
{"level":"info","message":"MongoDB Connected: ac-kukqvv7-shard-00-01.hdf31xy.mongodb.net","timestamp":"2025-07-18T17:54:03.889Z"}
{"level":"info","message":"MongoDB Connected: ac-kukqvv7-shard-00-00.hdf31xy.mongodb.net","timestamp":"2025-07-18T17:55:08.298Z"}
{"level":"info","message":"MongoDB Connected: ac-kukqvv7-shard-00-00.hdf31xy.mongodb.net","timestamp":"2025-07-18T18:04:15.157Z"}
{"level":"info","message":"MongoDB Connected: ac-kukqvv7-shard-00-02.hdf31xy.mongodb.net","timestamp":"2025-07-18T18:05:30.136Z"}
{"level":"info","message":"MongoDB Connected: ac-kukqvv7-shard-00-02.hdf31xy.mongodb.net","timestamp":"2025-07-18T18:11:51.333Z"}
{"level":"info","message":"MongoDB Connected: ac-kukqvv7-shard-00-00.hdf31xy.mongodb.net","timestamp":"2025-07-18T18:21:46.083Z"}
{"level":"info","message":"MongoDB disconnected","timestamp":"2025-07-18T18:57:27.337Z"}
{"level":"info","message":"MongoDB disconnected","timestamp":"2025-07-18T19:13:59.669Z"}
{"level":"info","message":"MongoDB disconnected","timestamp":"2025-07-18T19:48:41.560Z"}
{"level":"info","message":"MongoDB Connected: ac-kukqvv7-shard-00-01.hdf31xy.mongodb.net","timestamp":"2025-07-18T19:48:47.582Z"}
{"level":"info","message":"MongoDB disconnected","timestamp":"2025-07-19T02:21:44.291Z"}
{"level":"info","message":"MongoDB disconnected","timestamp":"2025-07-19T02:23:47.888Z"}
{"level":"info","message":"MongoDB Connected: ac-kukqvv7-shard-00-02.hdf31xy.mongodb.net","timestamp":"2025-07-19T02:39:25.696Z"}
{"level":"info","message":"MongoDB disconnected","timestamp":"2025-07-19T02:42:44.844Z"}
{"level":"info","message":"MongoDB disconnected","timestamp":"2025-07-19T03:38:26.178Z"}
{"level":"info","message":"MongoDB Connected: ac-kukqvv7-shard-00-02.hdf31xy.mongodb.net","timestamp":"2025-07-19T04:13:12.493Z"}
{"level":"info","message":"MongoDB Connected: ac-kukqvv7-shard-00-01.hdf31xy.mongodb.net","timestamp":"2025-07-19T04:42:26.664Z"}
{"level":"info","message":"MongoDB Connected: ac-kukqvv7-shard-00-01.hdf31xy.mongodb.net","timestamp":"2025-07-19T04:46:33.521Z"}
{"level":"info","message":"MongoDB Connected: ac-kukqvv7-shard-00-00.hdf31xy.mongodb.net","timestamp":"2025-07-19T04:48:36.058Z"}
{"level":"info","message":"MongoDB disconnected","timestamp":"2025-07-19T04:59:19.414Z"}
{"level":"info","message":"MongoDB Connected: ac-kukqvv7-shard-00-01.hdf31xy.mongodb.net","timestamp":"2025-07-19T04:59:56.344Z"}
{"level":"info","message":"MongoDB disconnected","timestamp":"2025-07-19T06:34:30.548Z"}
{"level":"info","message":"MongoDB Connected: ac-kukqvv7-shard-00-02.hdf31xy.mongodb.net","timestamp":"2025-07-19T06:47:18.096Z"}
{"level":"info","message":"MongoDB disconnected","timestamp":"2025-07-19T07:38:52.190Z"}
{"level":"info","message":"MongoDB disconnected","timestamp":"2025-07-19T09:13:06.156Z"}
{"level":"info","message":"MongoDB disconnected","timestamp":"2025-07-19T09:19:22.932Z"}
{"level":"info","message":"MongoDB Connected: ac-kukqvv7-shard-00-00.hdf31xy.mongodb.net","timestamp":"2025-07-19T09:19:51.502Z"}
{"level":"info","message":"MongoDB disconnected","timestamp":"2025-07-19T10:08:54.790Z"}
{"level":"info","message":"MongoDB Connected: ac-kukqvv7-shard-00-00.hdf31xy.mongodb.net","timestamp":"2025-10-03T00:49:58.905Z"}
{"level":"info","message":"MongoDB disconnected","timestamp":"2025-10-03T01:07:44.671Z"}
{"level":"info","message":"MongoDB disconnected","timestamp":"2025-10-03T01:07:49.585Z"}
{"level":"info","message":"MongoDB Connected: ac-xwdqlsd-shard-00-00.n83umja.mongodb.net","timestamp":"2025-10-03T01:09:39.935Z"}
{"level":"info","message":"MongoDB disconnected","timestamp":"2025-10-03T01:23:52.960Z"}
{"level":"info","message":"MongoDB disconnected","timestamp":"2025-10-03T01:28:31.507Z"}
{"level":"info","message":"MongoDB disconnected","timestamp":"2025-10-03T01:33:03.076Z"}
{"level":"info","message":"MongoDB disconnected","timestamp":"2025-10-03T01:37:44.899Z"}
{"level":"info","message":"MongoDB disconnected","timestamp":"2025-10-03T01:42:27.059Z"}
{"level":"info","message":"MongoDB disconnected","timestamp":"2025-10-03T01:52:48.635Z"}
{"level":"info","message":"MongoDB disconnected","timestamp":"2025-10-03T02:10:50.595Z"}
{"level":"info","message":"MongoDB disconnected","timestamp":"2025-10-03T02:13:20.280Z"}
{"level":"info","message":"MongoDB Connected: ac-xwdqlsd-shard-00-00.n83umja.mongodb.net","timestamp":"2025-10-03T02:13:25.108Z"}
{"level":"info","message":"MongoDB disconnected","timestamp":"2025-10-03T02:24:45.813Z"}
{"level":"info","message":"MongoDB disconnected","timestamp":"2025-10-03T02:31:37.495Z"}
{"level":"info","message":"MongoDB Connected: ac-xwdqlsd-shard-00-00.n83umja.mongodb.net","timestamp":"2025-10-03T10:11:09.555Z"}
{"level":"info","message":"MongoDB disconnected","timestamp":"2025-10-03T10:19:56.208Z"}
{"level":"info","message":"MongoDB Connected: ac-xwdqlsd-shard-00-02.n83umja.mongodb.net","timestamp":"2025-10-03T10:21:12.427Z"}
{"level":"info","message":"MongoDB disconnected","timestamp":"2025-10-03T10:24:08.602Z"}
{"level":"info","message":"MongoDB Connected: ac-xwdqlsd-shard-00-02.n83umja.mongodb.net","timestamp":"2025-10-03T10:24:11.921Z"}
{"level":"info","message":"MongoDB disconnected","timestamp":"2025-10-03T10:27:27.485Z"}
{"level":"info","message":"MongoDB Connected: ac-xwdqlsd-shard-00-02.n83umja.mongodb.net","timestamp":"2025-10-03T10:27:31.434Z"}
{"level":"info","message":"MongoDB disconnected","timestamp":"2025-10-03T10:28:00.019Z"}
{"level":"info","message":"MongoDB Connected: ac-xwdqlsd-shard-00-00.n83umja.mongodb.net","timestamp":"2025-10-03T10:28:03.734Z"}
{"level":"info","message":"MongoDB disconnected","timestamp":"2025-10-03T10:29:27.312Z"}
{"level":"info","message":"MongoDB Connected: ac-xwdqlsd-shard-00-00.n83umja.mongodb.net","timestamp":"2025-10-03T10:29:31.947Z"}
{"level":"info","message":"MongoDB disconnected","timestamp":"2025-10-03T10:30:44.156Z"}
{"level":"info","message":"MongoDB Connected: ac-xwdqlsd-shard-00-00.n83umja.mongodb.net","timestamp":"2025-10-03T10:30:47.027Z"}
{"level":"info","message":"MongoDB disconnected","timestamp":"2025-10-03T10:32:37.286Z"}
{"level":"info","message":"MongoDB Connected: ac-xwdqlsd-shard-00-01.n83umja.mongodb.net","timestamp":"2025-10-03T10:33:19.713Z"}
{"level":"info","message":"MongoDB disconnected","timestamp":"2025-10-03T10:33:56.815Z"}
{"level":"info","message":"MongoDB Connected: ac-xwdqlsd-shard-00-00.n83umja.mongodb.net","timestamp":"2025-10-03T10:34:00.671Z"}
{"level":"info","message":"MongoDB disconnected","timestamp":"2025-10-03T10:35:24.322Z"}
{"level":"info","message":"MongoDB Connected: ac-xwdqlsd-shard-00-00.n83umja.mongodb.net","timestamp":"2025-10-03T10:35:28.308Z"}
{"level":"info","message":"MongoDB disconnected","timestamp":"2025-10-03T10:35:59.408Z"}
{"level":"info","message":"MongoDB Connected: ac-xwdqlsd-shard-00-01.n83umja.mongodb.net","timestamp":"2025-10-03T10:36:02.786Z"}
{"level":"info","message":"MongoDB disconnected","timestamp":"2025-10-03T10:37:38.666Z"}
{"level":"info","message":"MongoDB Connected: ac-xwdqlsd-shard-00-01.n83umja.mongodb.net","timestamp":"2025-10-03T10:37:41.886Z"}
{"level":"info","message":"MongoDB disconnected","timestamp":"2025-10-03T10:39:54.881Z"}
{"level":"info","message":"MongoDB Connected: ac-xwdqlsd-shard-00-01.n83umja.mongodb.net","timestamp":"2025-10-03T10:40:00.534Z"}
{"level":"info","message":"MongoDB disconnected","timestamp":"2025-10-03T10:41:18.497Z"}
{"level":"info","message":"MongoDB Connected: ac-xwdqlsd-shard-00-02.n83umja.mongodb.net","timestamp":"2025-10-03T10:41:21.762Z"}
{"level":"info","message":"MongoDB disconnected","timestamp":"2025-10-03T10:41:52.187Z"}
{"level":"info","message":"MongoDB Connected: ac-xwdqlsd-shard-00-00.n83umja.mongodb.net","timestamp":"2025-10-03T10:41:55.332Z"}
{"level":"info","message":"MongoDB disconnected","timestamp":"2025-10-03T10:44:13.088Z"}
{"level":"info","message":"MongoDB Connected: ac-xwdqlsd-shard-00-00.n83umja.mongodb.net","timestamp":"2025-10-03T10:44:17.844Z"}
{"level":"info","message":"MongoDB disconnected","timestamp":"2025-10-03T10:44:54.106Z"}
{"level":"info","message":"MongoDB Connected: ac-xwdqlsd-shard-00-02.n83umja.mongodb.net","timestamp":"2025-10-03T10:44:57.330Z"}
{"level":"info","message":"MongoDB disconnected","timestamp":"2025-10-03T10:45:41.179Z"}
{"level":"info","message":"MongoDB Connected: ac-xwdqlsd-shard-00-01.n83umja.mongodb.net","timestamp":"2025-10-03T10:45:44.551Z"}
{"level":"info","message":"MongoDB disconnected","timestamp":"2025-10-03T10:46:22.713Z"}
{"level":"info","message":"MongoDB Connected: ac-xwdqlsd-shard-00-01.n83umja.mongodb.net","timestamp":"2025-10-03T10:46:26.048Z"}
{"level":"info","message":"MongoDB disconnected","timestamp":"2025-10-03T10:47:39.900Z"}
{"level":"info","message":"MongoDB Connected: ac-xwdqlsd-shard-00-00.n83umja.mongodb.net","timestamp":"2025-10-03T10:47:43.048Z"}
{"level":"info","message":"MongoDB disconnected","timestamp":"2025-10-03T10:49:04.658Z"}
{"level":"info","message":"MongoDB Connected: ac-xwdqlsd-shard-00-00.n83umja.mongodb.net","timestamp":"2025-10-03T10:49:08.228Z"}
{"level":"info","message":"MongoDB disconnected","timestamp":"2025-10-03T10:50:03.446Z"}
{"level":"info","message":"MongoDB Connected: ac-xwdqlsd-shard-00-02.n83umja.mongodb.net","timestamp":"2025-10-03T10:50:07.506Z"}
{"level":"info","message":"MongoDB disconnected","timestamp":"2025-10-03T10:52:27.702Z"}
{"level":"info","message":"MongoDB Connected: ac-xwdqlsd-shard-00-00.n83umja.mongodb.net","timestamp":"2025-10-03T10:52:33.784Z"}
{"level":"info","message":"MongoDB disconnected","timestamp":"2025-10-03T10:53:06.050Z"}
{"level":"info","message":"MongoDB Connected: ac-xwdqlsd-shard-00-00.n83umja.mongodb.net","timestamp":"2025-10-03T10:53:09.542Z"}
{"level":"info","message":"MongoDB disconnected","timestamp":"2025-10-03T10:53:55.047Z"}
{"level":"info","message":"MongoDB Connected: ac-xwdqlsd-shard-00-01.n83umja.mongodb.net","timestamp":"2025-10-03T10:53:59.019Z"}
{"level":"info","message":"MongoDB disconnected","timestamp":"2025-10-03T10:56:36.431Z"}
{"level":"info","message":"MongoDB Connected: ac-xwdqlsd-shard-00-00.n83umja.mongodb.net","timestamp":"2025-10-03T10:56:39.991Z"}
{"level":"info","message":"MongoDB disconnected","timestamp":"2025-10-03T11:06:41.012Z"}
{"level":"info","message":"MongoDB Connected: ac-xwdqlsd-shard-00-01.n83umja.mongodb.net","timestamp":"2025-10-03T11:06:46.970Z"}
{"level":"info","message":"MongoDB disconnected","timestamp":"2025-10-03T11:09:04.402Z"}
{"level":"info","message":"MongoDB Connected: ac-xwdqlsd-shard-00-02.n83umja.mongodb.net","timestamp":"2025-10-03T11:09:08.005Z"}
{"level":"info","message":"MongoDB disconnected","timestamp":"2025-10-03T11:14:29.991Z"}
{"level":"info","message":"MongoDB Connected: ac-xwdqlsd-shard-00-01.n83umja.mongodb.net","timestamp":"2025-10-03T11:14:33.829Z"}
{"level":"info","message":"MongoDB disconnected","timestamp":"2025-10-03T11:17:19.802Z"}
{"level":"info","message":"MongoDB Connected: ac-xwdqlsd-shard-00-01.n83umja.mongodb.net","timestamp":"2025-10-03T11:17:23.201Z"}
{"level":"info","message":"MongoDB disconnected","timestamp":"2025-10-03T11:20:04.901Z"}
{"level":"info","message":"MongoDB Connected: ac-xwdqlsd-shard-00-01.n83umja.mongodb.net","timestamp":"2025-10-03T11:20:08.226Z"}
{"level":"info","message":"MongoDB disconnected","timestamp":"2025-10-03T11:20:47.887Z"}
{"level":"info","message":"MongoDB Connected: ac-xwdqlsd-shard-00-02.n83umja.mongodb.net","timestamp":"2025-10-03T11:20:51.282Z"}
{"level":"info","message":"MongoDB disconnected","timestamp":"2025-10-03T11:24:57.338Z"}
{"level":"info","message":"MongoDB Connected: ac-xwdqlsd-shard-00-00.n83umja.mongodb.net","timestamp":"2025-10-03T11:25:01.060Z"}
{"level":"info","message":"MongoDB disconnected","timestamp":"2025-10-03T11:26:15.981Z"}
{"level":"info","message":"MongoDB Connected: ac-xwdqlsd-shard-00-01.n83umja.mongodb.net","timestamp":"2025-10-03T11:26:19.660Z"}
{"level":"info","message":"MongoDB disconnected","timestamp":"2025-10-03T11:27:29.179Z"}
{"level":"info","message":"MongoDB Connected: ac-xwdqlsd-shard-00-02.n83umja.mongodb.net","timestamp":"2025-10-03T11:27:33.068Z"}
{"level":"info","message":"MongoDB disconnected","timestamp":"2025-10-03T11:29:10.854Z"}
{"level":"info","message":"MongoDB Connected: ac-xwdqlsd-shard-00-00.n83umja.mongodb.net","timestamp":"2025-10-03T11:29:30.265Z"}
{"level":"info","message":"MongoDB disconnected","timestamp":"2025-10-03T11:32:08.576Z"}
{"level":"info","message":"MongoDB Connected: ac-xwdqlsd-shard-00-01.n83umja.mongodb.net","timestamp":"2025-10-03T11:32:12.907Z"}
{"level":"info","message":"MongoDB disconnected","timestamp":"2025-10-03T11:35:23.130Z"}
{"level":"info","message":"MongoDB disconnected","timestamp":"2025-10-03T11:48:25.416Z"}
{"level":"info","message":"MongoDB disconnected","timestamp":"2025-10-03T11:49:56.375Z"}
{"level":"info","message":"MongoDB disconnected","timestamp":"2025-10-03T11:53:47.602Z"}
{"level":"info","message":"MongoDB Connected: ac-xwdqlsd-shard-00-01.n83umja.mongodb.net","timestamp":"2025-10-03T11:53:51.710Z"}
{"level":"info","message":"MongoDB disconnected","timestamp":"2025-10-03T11:55:34.402Z"}
{"level":"info","message":"MongoDB Connected: ac-xwdqlsd-shard-00-00.n83umja.mongodb.net","timestamp":"2025-10-03T11:55:38.491Z"}
{"level":"info","message":"MongoDB disconnected","timestamp":"2025-10-03T11:56:09.406Z"}
{"level":"info","message":"MongoDB Connected: ac-xwdqlsd-shard-00-00.n83umja.mongodb.net","timestamp":"2025-10-03T11:56:12.391Z"}
{"level":"info","message":"MongoDB disconnected","timestamp":"2025-10-03T11:56:25.865Z"}
{"level":"info","message":"MongoDB Connected: ac-xwdqlsd-shard-00-00.n83umja.mongodb.net","timestamp":"2025-10-03T11:56:41.220Z"}
{"level":"info","message":"MongoDB disconnected","timestamp":"2025-10-03T12:00:26.443Z"}
{"level":"info","message":"MongoDB Connected: ac-xwdqlsd-shard-00-02.n83umja.mongodb.net","timestamp":"2025-10-03T12:00:29.463Z"}
{"level":"info","message":"MongoDB disconnected","timestamp":"2025-10-03T12:21:16.588Z"}
{"level":"info","message":"MongoDB Connected: ac-xwdqlsd-shard-00-00.n83umja.mongodb.net","timestamp":"2025-10-03T15:05:54.769Z"}
{"level":"info","message":"MongoDB disconnected","timestamp":"2025-10-03T16:05:28.040Z"}
{"level":"info","message":"MongoDB disconnected","timestamp":"2025-10-03T16:34:18.529Z"}
{"level":"info","message":"MongoDB disconnected","timestamp":"2025-10-03T16:45:15.270Z"}
{"level":"info","message":"MongoDB Connected: ac-xwdqlsd-shard-00-00.n83umja.mongodb.net","timestamp":"2025-10-05T13:41:51.673Z"}
{"level":"info","message":"MongoDB disconnected","timestamp":"2025-10-05T13:42:25.622Z"}
{"level":"info","message":"MongoDB Connected: ac-xwdqlsd-shard-00-02.n83umja.mongodb.net","timestamp":"2025-10-05T13:42:47.454Z"}
{"level":"info","message":"MongoDB disconnected","timestamp":"2025-10-05T13:46:53.097Z"}
{"level":"info","message":"MongoDB Connected: ac-xwdqlsd-shard-00-02.n83umja.mongodb.net","timestamp":"2025-10-05T13:46:56.486Z"}
{"level":"info","message":"MongoDB disconnected","timestamp":"2025-10-05T13:48:12.640Z"}
{"level":"info","message":"MongoDB Connected: ac-xwdqlsd-shard-00-02.n83umja.mongodb.net","timestamp":"2025-10-05T13:48:17.436Z"}
{"level":"info","message":"MongoDB disconnected","timestamp":"2025-10-05T14:05:00.056Z"}
{"level":"info","message":"MongoDB Connected: ac-xwdqlsd-shard-00-01.n83umja.mongodb.net","timestamp":"2025-10-05T14:05:08.957Z"}
{"level":"info","message":"MongoDB disconnected","timestamp":"2025-10-05T14:06:47.880Z"}
{"level":"info","message":"MongoDB Connected: ac-xwdqlsd-shard-00-02.n83umja.mongodb.net","timestamp":"2025-10-05T14:06:52.182Z"}
{"level":"info","message":"MongoDB disconnected","timestamp":"2025-10-05T14:08:56.025Z"}
{"level":"info","message":"MongoDB Connected: ac-xwdqlsd-shard-00-00.n83umja.mongodb.net","timestamp":"2025-10-05T14:09:01.645Z"}
{"level":"info","message":"MongoDB disconnected","timestamp":"2025-10-05T14:13:03.797Z"}
{"level":"info","message":"MongoDB Connected: ac-xwdqlsd-shard-00-00.n83umja.mongodb.net","timestamp":"2025-10-05T14:13:07.659Z"}
{"level":"info","message":"MongoDB disconnected","timestamp":"2025-10-05T14:20:12.514Z"}
{"level":"info","message":"MongoDB Connected: ac-xwdqlsd-shard-00-01.n83umja.mongodb.net","timestamp":"2025-10-05T14:20:22.582Z"}
{"level":"info","message":"MongoDB disconnected","timestamp":"2025-10-05T14:21:16.969Z"}
{"level":"info","message":"MongoDB Connected: ac-xwdqlsd-shard-00-01.n83umja.mongodb.net","timestamp":"2025-10-05T14:21:20.769Z"}
{"level":"info","message":"MongoDB disconnected","timestamp":"2025-10-05T14:22:16.861Z"}
{"level":"info","message":"MongoDB Connected: ac-xwdqlsd-shard-00-00.n83umja.mongodb.net","timestamp":"2025-10-05T14:22:20.929Z"}
{"level":"info","message":"MongoDB disconnected","timestamp":"2025-10-05T14:24:33.674Z"}
{"level":"info","message":"MongoDB Connected: ac-xwdqlsd-shard-00-01.n83umja.mongodb.net","timestamp":"2025-10-05T14:24:38.520Z"}
{"level":"info","message":"MongoDB disconnected","timestamp":"2025-10-05T14:28:30.635Z"}
{"level":"info","message":"MongoDB Connected: ac-xwdqlsd-shard-00-00.n83umja.mongodb.net","timestamp":"2025-10-05T14:28:36.647Z"}
{"level":"info","message":"MongoDB disconnected","timestamp":"2025-10-05T14:32:51.454Z"}
{"level":"info","message":"MongoDB Connected: ac-xwdqlsd-shard-00-01.n83umja.mongodb.net","timestamp":"2025-10-05T14:33:05.595Z"}
{"level":"info","message":"MongoDB disconnected","timestamp":"2025-10-05T14:34:35.459Z"}
{"level":"info","message":"MongoDB Connected: ac-xwdqlsd-shard-00-00.n83umja.mongodb.net","timestamp":"2025-10-05T14:34:53.396Z"}
{"level":"info","message":"MongoDB disconnected","timestamp":"2025-10-05T14:37:00.681Z"}
{"level":"info","message":"MongoDB Connected: ac-xwdqlsd-shard-00-01.n83umja.mongodb.net","timestamp":"2025-10-05T14:37:09.262Z"}
{"level":"info","message":"MongoDB disconnected","timestamp":"2025-10-05T14:37:44.873Z"}
{"level":"info","message":"MongoDB Connected: ac-xwdqlsd-shard-00-01.n83umja.mongodb.net","timestamp":"2025-10-05T14:37:57.812Z"}
{"level":"info","message":"MongoDB disconnected","timestamp":"2025-10-05T14:38:33.208Z"}
{"level":"info","message":"MongoDB Connected: ac-xwdqlsd-shard-00-02.n83umja.mongodb.net","timestamp":"2025-10-05T14:38:44.310Z"}
{"level":"info","message":"MongoDB disconnected","timestamp":"2025-10-05T14:41:56.147Z"}
{"level":"info","message":"MongoDB Connected: ac-xwdqlsd-shard-00-02.n83umja.mongodb.net","timestamp":"2025-10-05T14:41:59.733Z"}
{"level":"info","message":"MongoDB disconnected","timestamp":"2025-10-05T14:44:59.249Z"}
{"level":"info","message":"MongoDB Connected: ac-xwdqlsd-shard-00-01.n83umja.mongodb.net","timestamp":"2025-10-05T14:45:23.111Z"}
{"level":"info","message":"MongoDB disconnected","timestamp":"2025-10-05T14:58:21.918Z"}
{"level":"info","message":"MongoDB Connected: ac-xwdqlsd-shard-00-01.n83umja.mongodb.net","timestamp":"2025-10-05T14:58:31.682Z"}
{"level":"info","message":"MongoDB disconnected","timestamp":"2025-10-05T15:03:15.956Z"}
{"level":"info","message":"MongoDB Connected: ac-xwdqlsd-shard-00-01.n83umja.mongodb.net","timestamp":"2025-10-05T15:03:28.727Z"}
{"level":"info","message":"MongoDB disconnected","timestamp":"2025-10-05T15:16:51.292Z"}
{"level":"info","message":"MongoDB Connected: ac-xwdqlsd-shard-00-01.n83umja.mongodb.net","timestamp":"2025-10-05T15:17:05.530Z"}
{"level":"info","message":"MongoDB disconnected","timestamp":"2025-10-05T15:18:26.320Z"}
{"level":"info","message":"MongoDB Connected: ac-xwdqlsd-shard-00-01.n83umja.mongodb.net","timestamp":"2025-10-05T15:18:29.952Z"}
{"level":"info","message":"MongoDB disconnected","timestamp":"2025-10-05T15:33:21.040Z"}
{"level":"info","message":"MongoDB disconnected","timestamp":"2025-10-05T15:40:03.106Z"}
{"level":"info","message":"MongoDB disconnected","timestamp":"2025-10-05T16:00:39.804Z"}
{"level":"info","message":"MongoDB disconnected","timestamp":"2025-10-05T16:24:12.342Z"}
{"level":"info","message":"MongoDB Connected: ac-xwdqlsd-shard-00-01.n83umja.mongodb.net","timestamp":"2025-10-06T01:05:11.476Z"}
{"level":"info","message":"MongoDB disconnected","timestamp":"2025-10-06T01:08:11.913Z"}
{"level":"info","message":"MongoDB disconnected","timestamp":"2025-10-06T01:10:11.835Z"}
{"level":"info","message":"MongoDB Connected: ac-xwdqlsd-shard-00-00.n83umja.mongodb.net","timestamp":"2025-10-06T01:15:13.686Z"}
{"level":"info","message":"MongoDB disconnected","timestamp":"2025-10-06T02:02:54.715Z"}
{"level":"info","message":"MongoDB Connected: ac-xwdqlsd-shard-00-00.n83umja.mongodb.net","timestamp":"2025-10-06T02:28:30.445Z"}
{"level":"info","message":"MongoDB disconnected","timestamp":"2025-10-06T04:29:04.491Z"}
{"level":"info","message":"MongoDB disconnected","timestamp":"2025-10-06T04:29:58.263Z"}
{"level":"info","message":"MongoDB Connected: ac-xwdqlsd-shard-00-01.n83umja.mongodb.net","timestamp":"2025-10-06T04:31:42.385Z"}
{"level":"info","message":"MongoDB disconnected","timestamp":"2025-10-06T05:20:49.032Z"}
{"level":"info","message":"MongoDB Connected: ac-xwdqlsd-shard-00-01.n83umja.mongodb.net","timestamp":"2025-10-06T05:20:53.077Z"}
{"level":"info","message":"MongoDB disconnected","timestamp":"2025-10-06T05:26:06.876Z"}
{"level":"info","message":"MongoDB Connected: ac-xwdqlsd-shard-00-02.n83umja.mongodb.net","timestamp":"2025-10-06T05:26:14.913Z"}
{"level":"info","message":"MongoDB disconnected","timestamp":"2025-10-06T05:38:25.556Z"}
{"level":"info","message":"MongoDB disconnected","timestamp":"2025-10-06T05:51:25.015Z"}
{"level":"info","message":"MongoDB disconnected","timestamp":"2025-10-06T06:04:06.422Z"}
{"level":"info","message":"MongoDB connection closed through app termination","timestamp":"2025-10-06T06:08:17.895Z"}
{"level":"info","message":"MongoDB Connected: ac-xwdqlsd-shard-00-01.n83umja.mongodb.net","timestamp":"2025-10-06T06:48:00.673Z"}
{"level":"info","message":"MongoDB disconnected","timestamp":"2025-10-06T07:01:34.972Z"}
{"level":"info","message":"MongoDB Connected: ac-xwdqlsd-shard-00-01.n83umja.mongodb.net","timestamp":"2025-10-06T07:01:38.986Z"}
{"level":"info","message":"MongoDB disconnected","timestamp":"2025-10-06T07:27:05.174Z"}
{"level":"info","message":"MongoDB Connected: ac-ge646wg-shard-00-02.af2bzsc.mongodb.net","timestamp":"2025-10-06T07:27:09.023Z"}
{"level":"info","message":"MongoDB disconnected","timestamp":"2025-10-06T07:43:00.791Z"}
{"level":"info","message":"MongoDB connection closed through app termination","timestamp":"2025-10-06T12:24:26.667Z"}
{"level":"info","message":"MongoDB Connected: ac-ge646wg-shard-00-02.af2bzsc.mongodb.net","timestamp":"2025-10-12T00:15:53.173Z"}
{"level":"info","message":"MongoDB disconnected","timestamp":"2025-10-12T00:23:14.942Z"}
{"level":"info","message":"MongoDB Connected: ac-ge646wg-shard-00-01.af2bzsc.mongodb.net","timestamp":"2025-10-12T00:23:29.704Z"}
{"level":"info","message":"MongoDB disconnected","timestamp":"2025-10-12T00:23:40.845Z"}
{"level":"info","message":"MongoDB Connected: ac-ge646wg-shard-00-00.af2bzsc.mongodb.net","timestamp":"2025-10-12T00:24:28.488Z"}
{"level":"info","message":"MongoDB disconnected","timestamp":"2025-10-12T00:39:15.781Z"}
{"level":"info","message":"MongoDB Connected: ac-ge646wg-shard-00-00.af2bzsc.mongodb.net","timestamp":"2025-10-12T00:39:19.035Z"}
{"level":"info","message":"MongoDB disconnected","timestamp":"2025-10-12T00:40:23.036Z"}
{"level":"info","message":"MongoDB Connected: ac-ge646wg-shard-00-01.af2bzsc.mongodb.net","timestamp":"2025-10-12T00:53:17.736Z"}
{"level":"info","message":"MongoDB disconnected","timestamp":"2025-10-12T01:14:21.497Z"}
{"level":"info","message":"MongoDB Connected: ac-ge646wg-shard-00-02.af2bzsc.mongodb.net","timestamp":"2025-10-12T01:14:24.776Z"}
{"level":"info","message":"MongoDB disconnected","timestamp":"2025-10-12T01:22:33.909Z"}
{"level":"info","message":"MongoDB Connected: ac-ge646wg-shard-00-01.af2bzsc.mongodb.net","timestamp":"2025-10-12T01:22:42.488Z"}
{"level":"info","message":"MongoDB disconnected","timestamp":"2025-10-12T01:24:48.750Z"}
{"level":"info","message":"MongoDB Connected: ac-ge646wg-shard-00-02.af2bzsc.mongodb.net","timestamp":"2025-10-12T01:24:51.958Z"}
{"level":"info","message":"MongoDB disconnected","timestamp":"2025-10-12T01:25:22.085Z"}
{"level":"info","message":"MongoDB Connected: ac-ge646wg-shard-00-02.af2bzsc.mongodb.net","timestamp":"2025-10-18T14:58:26.083Z"}
{"level":"info","message":"MongoDB disconnected","timestamp":"2025-10-18T15:04:12.176Z"}
{"level":"info","message":"MongoDB Connected: ac-ge646wg-shard-00-02.af2bzsc.mongodb.net","timestamp":"2025-10-18T15:04:15.095Z"}
{"level":"info","message":"MongoDB disconnected","timestamp":"2025-10-18T15:12:26.667Z"}
{"level":"info","message":"MongoDB Connected: ac-ge646wg-shard-00-00.af2bzsc.mongodb.net","timestamp":"2025-10-18T15:12:29.647Z"}
{"level":"info","message":"MongoDB disconnected","timestamp":"2025-10-18T15:20:33.563Z"}
{"level":"info","message":"MongoDB Connected: ac-ge646wg-shard-00-02.af2bzsc.mongodb.net","timestamp":"2025-10-18T15:20:36.845Z"}
{"level":"info","message":"MongoDB disconnected","timestamp":"2025-10-18T15:35:30.464Z"}
{"level":"info","message":"MongoDB Connected: ac-ge646wg-shard-00-00.af2bzsc.mongodb.net","timestamp":"2025-10-18T15:50:47.724Z"}
{"level":"info","message":"MongoDB disconnected","timestamp":"2025-10-19T03:51:52.158Z"}
{"level":"info","message":"MongoDB Connected: ac-ge646wg-shard-00-02.af2bzsc.mongodb.net","timestamp":"2025-10-19T03:52:15.448Z"}
{"level":"info","message":"MongoDB disconnected","timestamp":"2025-10-19T04:20:26.947Z"}
{"level":"info","message":"MongoDB disconnected","timestamp":"2025-10-19T04:29:48.291Z"}
{"level":"info","message":"MongoDB Connected: ac-ge646wg-shard-00-00.af2bzsc.mongodb.net","timestamp":"2025-10-19T04:29:51.071Z"}
{"level":"info","message":"MongoDB disconnected","timestamp":"2025-10-19T04:31:27.639Z"}
{"level":"info","message":"MongoDB Connected: ac-ge646wg-shard-00-00.af2bzsc.mongodb.net","timestamp":"2025-10-19T04:31:38.102Z"}
{"level":"info","message":"MongoDB disconnected","timestamp":"2025-10-19T04:37:31.310Z"}
{"level":"info","message":"MongoDB Connected: ac-ge646wg-shard-00-00.af2bzsc.mongodb.net","timestamp":"2025-10-19T04:37:34.667Z"}
{"level":"info","message":"MongoDB disconnected","timestamp":"2025-10-19T04:38:24.789Z"}
{"level":"info","message":"MongoDB disconnected","timestamp":"2025-10-19T04:42:36.324Z"}
{"level":"info","message":"MongoDB disconnected","timestamp":"2025-10-19T04:44:53.522Z"}
{"level":"info","message":"MongoDB Connected: ac-ge646wg-shard-00-00.af2bzsc.mongodb.net","timestamp":"2025-10-19T04:44:58.854Z"}
{"level":"info","message":"MongoDB disconnected","timestamp":"2025-10-19T04:53:02.191Z"}
{"level":"info","message":"MongoDB Connected: ac-ge646wg-shard-00-02.af2bzsc.mongodb.net","timestamp":"2025-10-19T15:30:18.769Z"}
{"level":"info","message":"MongoDB Connected: ac-ge646wg-shard-00-00.af2bzsc.mongodb.net","timestamp":"2025-10-19T15:32:37.636Z"}
{"level":"info","message":"MongoDB Connected: ac-ge646wg-shard-00-01.af2bzsc.mongodb.net","timestamp":"2025-10-19T15:35:24.157Z"}
{"level":"info","message":"MongoDB Connected: ac-ge646wg-shard-00-00.af2bzsc.mongodb.net","timestamp":"2025-10-19T15:51:02.395Z"}
{"level":"info","message":"MongoDB Connected: ac-ge646wg-shard-00-00.af2bzsc.mongodb.net","timestamp":"2025-10-19T15:51:06.789Z"}
{"level":"info","message":"MongoDB Connected: ac-ge646wg-shard-00-01.af2bzsc.mongodb.net","timestamp":"2025-10-19T15:52:06.107Z"}
{"level":"info","message":"MongoDB Connected: ac-ge646wg-shard-00-01.af2bzsc.mongodb.net","timestamp":"2025-10-19T15:54:23.328Z"}
{"level":"info","message":"MongoDB disconnected","timestamp":"2025-10-19T16:21:54.146Z"}
{"level":"info","message":"MongoDB disconnected","timestamp":"2025-10-19T16:32:03.447Z"}
{"level":"info","message":"MongoDB Connected: ac-ge646wg-shard-00-02.af2bzsc.mongodb.net","timestamp":"2025-10-20T04:15:23.213Z"}
{"level":"info","message":"MongoDB disconnected","timestamp":"2025-10-20T05:17:47.639Z"}
{"level":"info","message":"MongoDB Connected: ac-ge646wg-shard-00-00.af2bzsc.mongodb.net","timestamp":"2025-10-20T05:17:51.024Z"}
{"level":"info","message":"MongoDB disconnected","timestamp":"2025-10-20T05:27:52.099Z"}
{"level":"info","message":"MongoDB disconnected","timestamp":"2025-10-20T05:48:34.882Z"}
{"level":"info","message":"MongoDB disconnected","timestamp":"2025-10-20T06:01:37.096Z"}
{"level":"info","message":"MongoDB disconnected","timestamp":"2025-10-20T06:07:29.071Z"}
{"level":"info","message":"MongoDB disconnected","timestamp":"2025-10-20T06:17:41.118Z"}
{"level":"info","message":"MongoDB disconnected","timestamp":"2025-10-20T06:26:51.673Z"}
{"level":"info","message":"MongoDB Connected: ac-ge646wg-shard-00-01.af2bzsc.mongodb.net","timestamp":"2025-10-20T06:26:54.527Z"}
{"level":"info","message":"MongoDB Connected: ac-ge646wg-shard-00-01.af2bzsc.mongodb.net","timestamp":"2025-10-20T06:27:43.153Z"}
{"level":"info","message":"MongoDB Connected: ac-ge646wg-shard-00-01.af2bzsc.mongodb.net","timestamp":"2025-10-20T06:28:13.922Z"}
{"level":"info","message":"MongoDB Connected: ac-ge646wg-shard-00-00.af2bzsc.mongodb.net","timestamp":"2025-10-20T06:28:43.591Z"}
{"level":"info","message":"MongoDB Connected: ac-ge646wg-shard-00-01.af2bzsc.mongodb.net","timestamp":"2025-10-20T06:29:19.435Z"}
{"level":"info","message":"MongoDB Connected: ac-ge646wg-shard-00-01.af2bzsc.mongodb.net","timestamp":"2025-10-20T06:31:55.327Z"}
{"level":"info","message":"MongoDB Connected: ac-ge646wg-shard-00-01.af2bzsc.mongodb.net","timestamp":"2025-10-20T06:32:15.852Z"}
{"level":"info","message":"MongoDB Connected: ac-ge646wg-shard-00-02.af2bzsc.mongodb.net","timestamp":"2025-10-20T06:32:46.398Z"}
{"level":"info","message":"MongoDB Connected: ac-ge646wg-shard-00-01.af2bzsc.mongodb.net","timestamp":"2025-10-20T06:32:59.993Z"}
{"level":"info","message":"MongoDB disconnected","timestamp":"2025-10-20T06:37:30.366Z"}
{"level":"info","message":"MongoDB connection closed through app termination","timestamp":"2025-10-20T06:37:36.536Z"}
{"level":"info","message":"MongoDB Connected: ac-ge646wg-shard-00-02.af2bzsc.mongodb.net","timestamp":"2025-10-20T06:37:40.605Z"}
{"level":"info","message":"MongoDB disconnected","timestamp":"2025-10-20T06:52:41.504Z"}
{"level":"info","message":"MongoDB disconnected","timestamp":"2025-10-20T07:08:10.367Z"}
{"level":"info","message":"MongoDB Connected: ac-ge646wg-shard-00-02.af2bzsc.mongodb.net","timestamp":"2025-10-20T07:08:13.379Z"}
{"level":"info","message":"MongoDB disconnected","timestamp":"2025-10-20T07:23:24.168Z"}
{"level":"info","message":"MongoDB Connected: ac-ge646wg-shard-00-02.af2bzsc.mongodb.net","timestamp":"2025-10-20T08:22:43.052Z"}
{"level":"info","message":"MongoDB Connected: ac-ge646wg-shard-00-00.af2bzsc.mongodb.net","timestamp":"2025-10-20T12:51:35.207Z"}
{"level":"info","message":"MongoDB disconnected","timestamp":"2025-10-20T12:55:50.454Z"}
{"level":"info","message":"MongoDB disconnected","timestamp":"2025-10-20T13:05:03.303Z"}
{"level":"info","message":"MongoDB Connected: ac-ge646wg-shard-00-02.af2bzsc.mongodb.net","timestamp":"2025-10-20T14:21:51.035Z"}
{"level":"info","message":"MongoDB Connected: ac-ge646wg-shard-00-01.af2bzsc.mongodb.net","timestamp":"2025-10-20T14:21:58.061Z"}
{"level":"info","message":"MongoDB Connected: ac-ge646wg-shard-00-01.af2bzsc.mongodb.net","timestamp":"2025-10-20T14:22:18.067Z"}
{"level":"info","message":"MongoDB Connected: ac-ge646wg-shard-00-02.af2bzsc.mongodb.net","timestamp":"2025-10-20T14:22:25.684Z"}
{"level":"info","message":"MongoDB disconnected","timestamp":"2025-10-20T14:24:06.823Z"}
{"level":"info","message":"MongoDB Connected: ac-ge646wg-shard-00-00.af2bzsc.mongodb.net","timestamp":"2025-10-24T03:28:13.995Z"}
{"level":"info","message":"MongoDB disconnected","timestamp":"2025-10-24T03:58:11.540Z"}
{"level":"info","message":"✅ MongoDB Connected: ac-ge646wg-shard-00-01.af2bzsc.mongodb.net","timestamp":"2025-10-24T06:20:29.265Z"}
{"level":"info","message":"⚠️  MongoDB disconnected","timestamp":"2025-10-24T06:25:39.593Z"}
{"level":"info","message":"⚠️  MongoDB disconnected","timestamp":"2025-10-24T06:29:49.050Z"}
{"level":"info","message":"✅ MongoDB Connected: ac-xwdqlsd-shard-00-00.n83umja.mongodb.net","timestamp":"2025-10-24T06:29:52.798Z"}
{"level":"info","message":"⚠️  MongoDB disconnected","timestamp":"2025-10-24T06:32:15.459Z"}
{"level":"info","message":"✅ MongoDB Connected: ac-xwdqlsd-shard-00-00.n83umja.mongodb.net","timestamp":"2025-10-24T06:32:18.705Z"}
{"level":"info","message":"⚠️  MongoDB disconnected","timestamp":"2025-10-24T06:33:57.523Z"}
{"level":"info","message":"✅ MongoDB Connected: ac-xwdqlsd-shard-00-00.n83umja.mongodb.net","timestamp":"2025-10-24T06:42:44.210Z"}
{"level":"info","message":"⚠️  MongoDB disconnected","timestamp":"2025-10-24T06:52:33.724Z"}
{"level":"info","message":"✅ MongoDB Connected: ac-xwdqlsd-shard-00-00.n83umja.mongodb.net","timestamp":"2025-10-24T06:52:37.164Z"}
{"level":"info","message":"⚠️  MongoDB disconnected","timestamp":"2025-10-24T06:59:27.573Z"}
{"level":"info","message":"⚠️  MongoDB disconnected","timestamp":"2025-10-24T07:12:39.502Z"}
{"level":"info","message":"⚠️  MongoDB disconnected","timestamp":"2025-10-24T08:50:38.403Z"}
{"level":"info","message":"✅ MongoDB Connected: ac-xwdqlsd-shard-00-02.n83umja.mongodb.net","timestamp":"2025-10-24T08:50:42.367Z"}
{"level":"info","message":"✅ MongoDB Connected: ac-xwdqlsd-shard-00-02.n83umja.mongodb.net","timestamp":"2025-10-24T08:52:45.996Z"}
{"level":"info","message":"⚠️  MongoDB disconnected","timestamp":"2025-10-24T08:54:05.153Z"}
{"level":"info","message":"✅ MongoDB Connected: ac-xwdqlsd-shard-00-01.n83umja.mongodb.net","timestamp":"2025-10-24T08:54:08.740Z"}
{"level":"info","message":"✅ MongoDB Connected: ac-xwdqlsd-shard-00-01.n83umja.mongodb.net","timestamp":"2025-10-24T08:58:32.107Z"}
{"level":"info","message":"⚠️  MongoDB disconnected","timestamp":"2025-10-24T08:59:19.465Z"}
{"level":"info","message":"✅ MongoDB Connected: ac-xwdqlsd-shard-00-00.n83umja.mongodb.net","timestamp":"2025-10-24T08:59:23.344Z"}
{"level":"info","message":"✅ MongoDB Connected: ac-xwdqlsd-shard-00-01.n83umja.mongodb.net","timestamp":"2025-10-24T09:06:09.153Z"}
{"level":"info","message":"✅ MongoDB Connected: ac-xwdqlsd-shard-00-00.n83umja.mongodb.net","timestamp":"2025-10-24T09:07:03.905Z"}
{"level":"info","message":"✅ MongoDB Connected: ac-xwdqlsd-shard-00-01.n83umja.mongodb.net","timestamp":"2025-10-24T09:07:37.746Z"}
{"level":"info","message":"✅ MongoDB Connected: ac-xwdqlsd-shard-00-01.n83umja.mongodb.net","timestamp":"2025-10-24T09:33:12.398Z"}
{"level":"info","message":"✅ MongoDB Connected: ac-xwdqlsd-shard-00-00.n83umja.mongodb.net","timestamp":"2025-10-24T10:29:27.927Z"}
{"level":"info","message":"✅ MongoDB Connected: ac-xwdqlsd-shard-00-02.n83umja.mongodb.net","timestamp":"2025-10-24T10:31:48.771Z"}
{"level":"info","message":"✅ MongoDB Connected: ac-xwdqlsd-shard-00-00.n83umja.mongodb.net","timestamp":"2025-10-24T10:32:06.520Z"}
{"level":"info","message":"✅ MongoDB Connected: ac-xwdqlsd-shard-00-00.n83umja.mongodb.net","timestamp":"2025-10-24T10:34:01.847Z"}
{"level":"info","message":"✅ MongoDB Connected: ac-xwdqlsd-shard-00-01.n83umja.mongodb.net","timestamp":"2025-10-24T10:35:52.181Z"}
{"level":"info","message":"✅ MongoDB Connected: ac-xwdqlsd-shard-00-00.n83umja.mongodb.net","timestamp":"2025-10-24T10:36:16.539Z"}
{"level":"info","message":"✅ MongoDB Connected: ac-xwdqlsd-shard-00-02.n83umja.mongodb.net","timestamp":"2025-10-24T10:41:01.868Z"}
{"level":"info","message":"✅ MongoDB Connected: ac-xwdqlsd-shard-00-00.n83umja.mongodb.net","timestamp":"2025-10-24T10:41:49.817Z"}
{"level":"info","message":"✅ MongoDB Connected: ac-xwdqlsd-shard-00-01.n83umja.mongodb.net","timestamp":"2025-10-24T10:42:13.946Z"}
{"level":"info","message":"✅ MongoDB Connected: ac-xwdqlsd-shard-00-02.n83umja.mongodb.net","timestamp":"2025-10-24T10:50:14.498Z"}
{"level":"info","message":"⚠️  MongoDB disconnected","timestamp":"2025-10-24T10:59:49.954Z"}
{"level":"info","message":"✅ MongoDB Connected: ac-xwdqlsd-shard-00-02.n83umja.mongodb.net","timestamp":"2025-10-24T10:59:53.686Z"}
{"level":"info","message":"✅ MongoDB Connected: ac-xwdqlsd-shard-00-00.n83umja.mongodb.net","timestamp":"2025-10-24T11:05:00.798Z"}
{"level":"info","message":"✅ MongoDB Connected: ac-xwdqlsd-shard-00-00.n83umja.mongodb.net","timestamp":"2025-10-24T11:07:47.851Z"}
{"level":"info","message":"✅ MongoDB Connected: ac-xwdqlsd-shard-00-01.n83umja.mongodb.net","timestamp":"2025-10-24T11:11:39.186Z"}
{"level":"info","message":"✅ MongoDB Connected: ac-xwdqlsd-shard-00-00.n83umja.mongodb.net","timestamp":"2025-10-24T11:18:05.737Z"}
{"level":"info","message":"⚠️  MongoDB disconnected","timestamp":"2025-10-24T11:19:45.483Z"}
{"level":"info","message":"✅ MongoDB connection closed gracefully","timestamp":"2025-10-24T11:19:50.481Z"}
{"level":"info","message":"✅ MongoDB Connected: ac-xwdqlsd-shard-00-01.n83umja.mongodb.net","timestamp":"2025-10-24T11:19:53.730Z"}
{"level":"info","message":"✅ MongoDB Connected: ac-xwdqlsd-shard-00-01.n83umja.mongodb.net","timestamp":"2025-10-24T11:35:41.346Z"}
{"level":"info","message":"✅ MongoDB Connected: ac-xwdqlsd-shard-00-01.n83umja.mongodb.net","timestamp":"2025-10-24T11:36:27.733Z"}
{"level":"info","message":"✅ MongoDB Connected: ac-xwdqlsd-shard-00-01.n83umja.mongodb.net","timestamp":"2025-10-24T11:39:33.043Z"}
{"level":"info","message":"✅ MongoDB Connected: ac-xwdqlsd-shard-00-00.n83umja.mongodb.net","timestamp":"2025-10-24T11:53:12.734Z"}
{"level":"info","message":"⚠️  MongoDB disconnected","timestamp":"2025-10-24T11:55:22.529Z"}
{"level":"info","message":"⚠️  MongoDB disconnected","timestamp":"2025-10-24T11:55:36.113Z"}
{"level":"info","message":"⚠️  MongoDB disconnected","timestamp":"2025-10-24T11:56:52.111Z"}
{"level":"info","message":"✅ MongoDB Connected: ac-xwdqlsd-shard-00-02.n83umja.mongodb.net","timestamp":"2025-10-24T11:56:57.212Z"}
{"level":"info","message":"✅ MongoDB Connected: ac-xwdqlsd-shard-00-01.n83umja.mongodb.net","timestamp":"2025-10-24T12:10:16.668Z"}
{"level":"info","message":"✅ MongoDB Connected: ac-xwdqlsd-shard-00-00.n83umja.mongodb.net","timestamp":"2025-10-24T12:14:48.056Z"}
{"level":"info","message":"⚠️  MongoDB disconnected","timestamp":"2025-10-24T12:18:28.306Z"}
{"level":"info","message":"⚠️  MongoDB disconnected","timestamp":"2025-10-24T16:44:09.949Z"}
{"level":"info","message":"⚠️  MongoDB disconnected","timestamp":"2025-10-24T16:45:30.184Z"}
{"level":"info","message":"✅ MongoDB Connected: ac-xwdqlsd-shard-00-00.n83umja.mongodb.net","timestamp":"2025-10-24T16:51:50.384Z"}
{"level":"info","message":"✅ MongoDB Connected: ac-xwdqlsd-shard-00-02.n83umja.mongodb.net","timestamp":"2025-10-24T17:07:23.750Z"}
{"level":"info","message":"✅ MongoDB Connected: ac-xwdqlsd-shard-00-02.n83umja.mongodb.net","timestamp":"2025-10-25T02:36:49.783Z"}
{"level":"info","message":"✅ MongoDB Connected: ac-xwdqlsd-shard-00-01.n83umja.mongodb.net","timestamp":"2025-10-25T02:37:41.735Z"}
{"level":"info","message":"✅ MongoDB Connected: ac-xwdqlsd-shard-00-01.n83umja.mongodb.net","timestamp":"2025-10-25T02:37:53.865Z"}
{"level":"info","message":"✅ MongoDB Connected: ac-xwdqlsd-shard-00-00.n83umja.mongodb.net","timestamp":"2025-10-25T02:37:55.703Z"}
{"level":"info","message":"✅ MongoDB Connected: ac-xwdqlsd-shard-00-01.n83umja.mongodb.net","timestamp":"2025-10-25T02:38:11.022Z"}
{"level":"info","message":"✅ MongoDB Connected: ac-xwdqlsd-shard-00-02.n83umja.mongodb.net","timestamp":"2025-10-25T02:38:21.403Z"}
{"level":"info","message":"✅ MongoDB Connected: ac-xwdqlsd-shard-00-00.n83umja.mongodb.net","timestamp":"2025-10-25T02:39:09.707Z"}
{"level":"info","message":"✅ MongoDB Connected: ac-xwdqlsd-shard-00-02.n83umja.mongodb.net","timestamp":"2025-10-25T02:40:27.029Z"}
{"level":"info","message":"✅ MongoDB Connected: ac-xwdqlsd-shard-00-01.n83umja.mongodb.net","timestamp":"2025-10-25T02:56:31.392Z"}
{"level":"info","message":"✅ MongoDB Connected: ac-xwdqlsd-shard-00-00.n83umja.mongodb.net","timestamp":"2025-10-25T03:04:01.734Z"}
{"level":"info","message":"✅ MongoDB Connected: ac-xwdqlsd-shard-00-00.n83umja.mongodb.net","timestamp":"2025-10-25T03:05:09.423Z"}
{"level":"info","message":"⚠️  MongoDB disconnected","timestamp":"2025-10-25T03:14:09.269Z"}
{"level":"info","message":"✅ MongoDB Connected: ac-xwdqlsd-shard-00-01.n83umja.mongodb.net","timestamp":"2025-10-25T04:04:26.534Z"}
{"level":"info","message":"✅ MongoDB Connected: ac-xwdqlsd-shard-00-02.n83umja.mongodb.net","timestamp":"2025-10-25T04:34:55.106Z"}
{"level":"info","message":"⚠️  MongoDB disconnected","timestamp":"2025-10-25T04:47:35.279Z"}
{"level":"info","message":"✅ MongoDB Connected: ac-xwdqlsd-shard-00-01.n83umja.mongodb.net","timestamp":"2025-10-25T04:47:38.364Z"}
{"level":"info","message":"⚠️  MongoDB disconnected","timestamp":"2025-10-25T05:22:42.518Z"}
{"level":"info","message":"⚠️  MongoDB disconnected","timestamp":"2025-10-25T05:51:46.016Z"}
{"level":"info","message":"⚠️  MongoDB disconnected","timestamp":"2025-10-25T06:08:58.923Z"}
{"level":"info","message":"⚠️  MongoDB disconnected","timestamp":"2025-10-25T06:14:49.872Z"}
{"level":"info","message":"✅ MongoDB Connected: ac-xwdqlsd-shard-00-02.n83umja.mongodb.net","timestamp":"2025-10-25T07:40:44.113Z"}
{"level":"info","message":"✅ MongoDB Connected: ac-xwdqlsd-shard-00-00.n83umja.mongodb.net","timestamp":"2025-10-25T07:45:00.687Z"}
{"level":"info","message":"✅ MongoDB Connected: ac-xwdqlsd-shard-00-02.n83umja.mongodb.net","timestamp":"2025-10-25T07:45:03.627Z"}
{"level":"info","message":"✅ MongoDB Connected: ac-xwdqlsd-shard-00-01.n83umja.mongodb.net","timestamp":"2025-10-25T07:45:22.888Z"}
{"level":"info","message":"✅ MongoDB Connected: ac-xwdqlsd-shard-00-02.n83umja.mongodb.net","timestamp":"2025-10-25T07:46:37.205Z"}
{"level":"info","message":"✅ MongoDB Connected: ac-xwdqlsd-shard-00-00.n83umja.mongodb.net","timestamp":"2025-10-25T07:47:59.664Z"}
{"level":"info","message":"✅ MongoDB Connected: ac-xwdqlsd-shard-00-01.n83umja.mongodb.net","timestamp":"2025-10-25T07:48:10.271Z"}
{"level":"info","message":"✅ MongoDB Connected: ac-xwdqlsd-shard-00-00.n83umja.mongodb.net","timestamp":"2025-10-25T07:50:57.790Z"}
{"level":"info","message":"✅ MongoDB Connected: ac-xwdqlsd-shard-00-00.n83umja.mongodb.net","timestamp":"2025-10-25T07:51:03.038Z"}
{"level":"info","message":"✅ MongoDB Connected: ac-xwdqlsd-shard-00-00.n83umja.mongodb.net","timestamp":"2025-10-25T07:55:44.358Z"}
{"level":"info","message":"✅ MongoDB Connected: ac-xwdqlsd-shard-00-02.n83umja.mongodb.net","timestamp":"2025-10-25T07:55:46.348Z"}
{"level":"info","message":"✅ MongoDB Connected: ac-xwdqlsd-shard-00-00.n83umja.mongodb.net","timestamp":"2025-10-25T07:56:16.500Z"}
{"level":"info","message":"⚠️  MongoDB disconnected","timestamp":"2025-10-25T07:57:03.092Z"}
{"level":"info","message":"✅ MongoDB Connected: ac-xwdqlsd-shard-00-01.n83umja.mongodb.net","timestamp":"2025-10-25T08:01:07.243Z"}
{"level":"info","message":"✅ MongoDB Connected: ac-xwdqlsd-shard-00-00.n83umja.mongodb.net","timestamp":"2025-10-25T08:05:30.005Z"}
{"level":"info","message":"✅ MongoDB Connected: ac-xwdqlsd-shard-00-01.n83umja.mongodb.net","timestamp":"2025-10-25T08:05:43.362Z"}
{"level":"info","message":"✅ MongoDB Connected: ac-xwdqlsd-shard-00-02.n83umja.mongodb.net","timestamp":"2025-10-25T08:06:03.209Z"}
{"level":"info","message":"✅ MongoDB Connected: ac-xwdqlsd-shard-00-02.n83umja.mongodb.net","timestamp":"2025-10-25T08:06:06.806Z"}
{"level":"info","message":"✅ MongoDB Connected: ac-xwdqlsd-shard-00-01.n83umja.mongodb.net","timestamp":"2025-10-25T08:06:15.330Z"}
{"level":"info","message":"✅ MongoDB Connected: ac-xwdqlsd-shard-00-00.n83umja.mongodb.net","timestamp":"2025-10-25T08:15:46.736Z"}
{"level":"info","message":"✅ MongoDB Connected: ac-xwdqlsd-shard-00-02.n83umja.mongodb.net","timestamp":"2025-10-25T08:16:02.821Z"}
{"level":"info","message":"✅ MongoDB Connected: ac-xwdqlsd-shard-00-00.n83umja.mongodb.net","timestamp":"2025-10-25T08:16:09.639Z"}
{"level":"info","message":"✅ MongoDB Connected: ac-xwdqlsd-shard-00-01.n83umja.mongodb.net","timestamp":"2025-10-25T08:16:21.507Z"}
{"level":"info","message":"✅ MongoDB Connected: ac-xwdqlsd-shard-00-01.n83umja.mongodb.net","timestamp":"2025-10-25T08:16:48.828Z"}
{"level":"info","message":"✅ MongoDB Connected: ac-xwdqlsd-shard-00-00.n83umja.mongodb.net","timestamp":"2025-10-25T08:25:04.142Z"}
{"level":"info","message":"✅ MongoDB Connected: ac-xwdqlsd-shard-00-02.n83umja.mongodb.net","timestamp":"2025-10-25T10:01:04.735Z"}
{"level":"info","message":"✅ MongoDB Connected: ac-xwdqlsd-shard-00-00.n83umja.mongodb.net","timestamp":"2025-10-25T12:52:59.980Z"}
{"level":"info","message":"✅ MongoDB Connected: ac-xwdqlsd-shard-00-00.n83umja.mongodb.net","timestamp":"2025-10-25T13:01:20.303Z"}
{"level":"info","message":"⚠️  MongoDB disconnected","timestamp":"2025-10-25T13:28:22.238Z"}
{"level":"info","message":"✅ MongoDB Connected: ac-xwdqlsd-shard-00-00.n83umja.mongodb.net","timestamp":"2025-10-25T14:08:37.033Z"}
{"level":"info","message":"✅ MongoDB Connected: ac-xwdqlsd-shard-00-02.n83umja.mongodb.net","timestamp":"2025-10-25T14:18:57.071Z"}
{"level":"info","message":"✅ MongoDB Connected: ac-xwdqlsd-shard-00-02.n83umja.mongodb.net","timestamp":"2025-10-25T14:23:20.628Z"}
{"level":"info","message":"✅ MongoDB Connected: ac-xwdqlsd-shard-00-02.n83umja.mongodb.net","timestamp":"2025-10-25T14:23:29.810Z"}
{"level":"info","message":"⚠️  MongoDB disconnected","timestamp":"2025-10-25T14:23:37.121Z"}
{"level":"info","message":"✅ MongoDB Connected: ac-xwdqlsd-shard-00-02.n83umja.mongodb.net","timestamp":"2025-10-25T14:24:42.717Z"}
{"level":"info","message":"⚠️  MongoDB disconnected","timestamp":"2025-10-25T15:08:25.305Z"}
{"level":"info","message":"⚠️  MongoDB disconnected","timestamp":"2025-10-26T01:38:34.439Z"}
{"level":"info","message":"✅ MongoDB Connected: ac-xwdqlsd-shard-00-02.n83umja.mongodb.net","timestamp":"2025-10-26T01:46:00.490Z"}
{"level":"info","message":"⚠️  MongoDB disconnected","timestamp":"2025-10-26T01:46:06.692Z"}
